<?xml version="1.0" encoding="UTF-8"?>
<testsuite name="demo.hwsw.TC2_CalculatorTest" tests="1" skipped="0" failures="0" errors="0" timestamp="2021-07-22T07:54:42" hostname="GEZA-LAPTOP" time="0.005">
  <properties/>
  <testcase name="testSum()" classname="demo.hwsw.TC2_CalculatorTest" time="0.005"/>
  <system-out><![CDATA[a=10
b=15
result=25
]]></system-out>
  <system-err><![CDATA[]]></system-err>
</testsuite>
